[2015-10-31 01:22:54] START
[2015-10-31 01:28:26] EDIT DEFINE/models/db.py: 11
[2015-10-31 01:29:35] EDIT DEFINE/models/menu.py: -110
[2015-10-31 01:32:45] EDIT DEFINE/controllers/default.py: -7
[2015-10-31 01:33:13] EDIT DEFINE/controllers/default.py: 0
[2015-10-31 01:33:45] EDIT DEFINE/views/default/index.html: -44
[2015-10-31 01:40:49] EDIT DEFINE/controllers/default.py: 8
[2015-10-31 01:41:42] EDIT DEFINE/models/db.py: 0
[2015-10-31 01:42:28] EDIT DEFINE/controllers/default.py: 4
[2015-10-31 01:42:48] EDIT DEFINE/controllers/default.py: 1
[2015-10-31 01:46:18] EDIT DEFINE/controllers/default.py: 8
[2015-10-31 01:46:40] EDIT DEFINE/controllers/default.py: 0
[2015-10-31 01:48:08] EDIT DEFINE/models/db.py: 0
[2015-10-31 01:55:06] EDIT DEFINE/models/db.py: 2
[2015-10-31 01:55:51] EDIT DEFINE/models/db.py: 0
[2015-10-31 02:11:13] EDIT DEFINE/models/db.py: 1
[2015-10-31 02:14:40] EDIT DEFINE/controllers/default.py: 3
[2015-10-31 02:15:53] EDIT DEFINE/controllers/default.py: 4
[2015-10-31 02:17:45] CREATE particular.py: 0
[2015-10-31 02:18:01] EDIT DEFINE/controllers/particular.py: -1
[2015-10-31 02:19:17] EDIT DEFINE/controllers/particular.py: 10
[2015-10-31 02:21:58] EDIT DEFINE/controllers/particular.py: 8
[2015-10-31 02:22:45] EDIT DEFINE/controllers/particular.py: 16
[2015-10-31 02:24:25] EDIT DEFINE/controllers/particular.py: -5
[2015-10-31 02:25:13] EDIT DEFINE/controllers/particular.py: 0
[2015-10-31 02:25:36] EDIT DEFINE/controllers/particular.py: 0
[2015-10-31 02:25:52] EDIT DEFINE/controllers/particular.py: 8
[2015-10-31 02:26:27] EDIT DEFINE/controllers/particular.py: 0
[2015-10-31 02:28:02] EDIT DEFINE/controllers/particular.py: 0
[2015-10-31 02:28:26] CREATE particular/inicio.html: 0
[2015-10-31 02:29:40] EDIT DEFINE/views/particular/inicio.html: 24
[2015-10-31 02:31:33] EDIT DEFINE/views/particular/inicio.html: -7
[2015-10-31 02:32:16] EDIT DEFINE/views/particular/inicio.html: 0
[2015-10-31 02:32:35] CREATE particular/importar.html: 0
[2015-10-31 02:33:19] EDIT DEFINE/views/particular/importar.html: -1
[2015-10-31 02:37:25] EDIT DEFINE/controllers/particular.py: 32
[2015-10-31 02:45:26] EDIT DEFINE/controllers/particular.py: 0
[2015-10-31 02:45:38] EDIT DEFINE/controllers/particular.py: -1
[2015-10-31 02:45:46] EDIT DEFINE/controllers/particular.py: 0
[2015-10-31 02:45:55] EDIT DEFINE/controllers/particular.py: 1
[2015-10-31 02:46:59] EDIT DEFINE/controllers/particular.py: 0
[2015-10-31 02:48:18] EDIT DEFINE/controllers/particular.py: 10
[2015-10-31 02:48:26] EDIT DEFINE/controllers/particular.py: 0
[2015-10-31 02:49:07] EDIT DEFINE/controllers/particular.py: -1
[2015-10-31 02:50:01] EDIT DEFINE/controllers/particular.py: 0
[2015-10-31 02:50:05] EDIT DEFINE/controllers/particular.py: 0
[2015-10-31 02:50:23] EDIT DEFINE/controllers/particular.py: 0
[2015-10-31 02:50:28] EDIT DEFINE/controllers/particular.py: 0
[2015-10-31 02:51:13] EDIT DEFINE/controllers/particular.py: 6
[2015-10-31 02:51:35] EDIT DEFINE/controllers/particular.py: 1
[2015-10-31 02:52:05] EDIT DEFINE/controllers/particular.py: 3
[2015-10-31 02:52:24] EDIT DEFINE/controllers/particular.py: 0
[2015-10-31 02:52:45] EDIT DEFINE/controllers/particular.py: 0
[2015-10-31 02:52:50] EDIT DEFINE/controllers/particular.py: 0
[2015-10-31 02:53:13] EDIT DEFINE/controllers/particular.py: 1
[2015-10-31 02:55:07] EDIT DEFINE/controllers/particular.py: 2
[2015-10-31 02:55:13] EDIT DEFINE/controllers/particular.py: 0
[2015-10-31 02:55:32] EDIT DEFINE/controllers/particular.py: 1
[2015-10-31 02:56:29] CREATE particular/relacion.html: 0
[2015-10-31 02:58:21] EDIT DEFINE/controllers/particular.py: 1
[2015-10-31 03:00:26] EDIT DEFINE/controllers/particular.py: 1
[2015-10-31 03:01:35] EDIT DEFINE/views/particular/relacion.html: 116
[2015-10-31 03:01:55] EDIT DEFINE/views/particular/relacion.html: 0
[2015-10-31 03:02:20] EDIT DEFINE/views/particular/relacion.html: -29
[2015-10-31 03:02:23] EDIT DEFINE/views/particular/relacion.html: 0
[2015-10-31 03:03:36] EDIT DEFINE/models/db.py: 0
[2015-10-31 03:04:09] EDIT DEFINE/views/default/index.html: 0
[2015-10-31 03:06:06] EDIT DEFINE/controllers/particular.py: 1
[2015-10-31 03:07:33] EDIT DEFINE/controllers/particular.py: 0
[2015-10-31 03:08:13] EDIT DEFINE/views/particular/relacion.html: -82
[2015-10-31 03:09:18] EDIT DEFINE/controllers/particular.py: 1
[2015-10-31 03:10:18] EDIT DEFINE/controllers/particular.py: 0
[2015-10-31 15:42:07] EDIT DEFINE/controllers/particular.py: 0
[2015-10-31 15:42:21] EDIT DEFINE/views/particular/relacion.html: 0
[2015-10-31 15:44:44] EDIT DEFINE/controllers/particular.py: 0
[2015-10-31 15:45:39] EDIT DEFINE/controllers/particular.py: 0
[2015-10-31 15:45:46] EDIT DEFINE/views/particular/relacion.html: 0
[2015-10-31 15:46:46] EDIT DEFINE/controllers/particular.py: 1
[2015-10-31 15:46:52] EDIT DEFINE/controllers/particular.py: 0
[2015-10-31 15:48:23] EDIT DEFINE/controllers/particular.py: 3
[2015-10-31 15:49:37] EDIT DEFINE/controllers/particular.py: 0
[2015-10-31 15:49:54] EDIT DEFINE/controllers/particular.py: 0
[2015-10-31 15:50:33] EDIT DEFINE/controllers/particular.py: 0
[2015-10-31 15:50:45] EDIT DEFINE/controllers/particular.py: 0
[2015-10-31 15:51:29] EDIT DEFINE/controllers/particular.py: 0
[2015-10-31 15:52:02] EDIT DEFINE/controllers/particular.py: 0
[2015-10-31 15:53:16] EDIT DEFINE/views/particular/relacion.html: 5
[2015-10-31 15:55:31] EDIT DEFINE/views/particular/relacion.html: -2
[2015-10-31 15:56:47] EDIT DEFINE/views/particular/relacion.html: 0
[2015-10-31 15:57:57] EDIT DEFINE/views/particular/relacion.html: 0
[2015-10-31 15:59:41] EDIT DEFINE/controllers/particular.py: 6
[2015-10-31 16:00:36] EDIT DEFINE/controllers/particular.py: 33
[2015-10-31 16:00:48] EDIT DEFINE/controllers/particular.py: -6
[2015-10-31 16:02:27] EDIT DEFINE/controllers/particular.py: 1
[2015-10-31 16:06:33] EDIT DEFINE/controllers/particular.py: 0
[2015-10-31 16:07:41] EDIT DEFINE/views/particular/relacion.html: 9
[2015-10-31 16:14:18] EDIT DEFINE/controllers/particular.py: 1
[2015-10-31 16:15:01] CREATE particular/vistaWordNet.html: 0
[2015-10-31 16:17:30] EDIT DEFINE/views/particular/vistaWordNet.html: -1
[2015-10-31 16:19:30] EDIT DEFINE/views/particular/vistaWordNet.html: 13
[2015-10-31 16:20:13] EDIT DEFINE/controllers/particular.py: 0
[2015-10-31 16:20:24] EDIT DEFINE/controllers/particular.py: 0
[2015-10-31 16:23:42] EDIT DEFINE/views/particular/relacion.html: 2
[2015-10-31 16:24:51] EDIT DEFINE/views/particular/relacion.html: 0
[2015-10-31 16:24:59] EDIT DEFINE/views/particular/relacion.html: 0
[2015-10-31 16:25:36] EDIT DEFINE/views/particular/relacion.html: 0
[2015-10-31 16:26:44] EDIT DEFINE/controllers/particular.py: 0
[2015-10-31 16:29:47] EDIT DEFINE/views/layout.html: -3
[2015-10-31 16:30:11] EDIT DEFINE/views/layout.html: 2
[2015-10-31 16:30:23] EDIT DEFINE/views/layout.html: 1
[2015-10-31 16:30:41] CREATE layoutword.html: 0
[2015-10-31 16:31:08] EDIT DEFINE/views/layoutword.html: 121
[2015-10-31 16:31:29] EDIT DEFINE/views/particular/vistaWordNet.html: 0
[2015-10-31 17:50:07] EDIT DEFINE/controllers/particular.py: 0
[2015-10-31 17:51:51] EDIT DEFINE/controllers/particular.py: 0
[2015-10-31 17:53:25] EDIT DEFINE/controllers/particular.py: 0
[2015-10-31 17:55:30] EDIT DEFINE/controllers/particular.py: 0
[2015-10-31 17:55:34] EDIT DEFINE/controllers/particular.py: 0
[2015-10-31 18:04:13] EDIT DEFINE/views/particular/vistaWordNet.html: 3
[2015-10-31 18:05:06] EDIT DEFINE/views/particular/vistaWordNet.html: 3
[2015-10-31 18:06:05] EDIT DEFINE/views/particular/vistaWordNet.html: 0
[2015-10-31 18:06:28] EDIT DEFINE/views/particular/vistaWordNet.html: 0
[2015-10-31 18:07:39] EDIT DEFINE/views/particular/vistaWordNet.html: 2
[2015-10-31 18:10:04] EDIT DEFINE/views/particular/vistaWordNet.html: 2
[2015-10-31 18:25:20] EDIT DEFINE/views/particular/vistaWordNet.html: 1
[2015-10-31 18:27:35] EDIT DEFINE/views/particular/vistaWordNet.html: 0
[2015-10-31 18:28:19] EDIT DEFINE/views/particular/vistaWordNet.html: 0
[2015-10-31 18:28:57] EDIT DEFINE/views/particular/vistaWordNet.html: 0
[2015-10-31 18:29:30] EDIT DEFINE/views/particular/vistaWordNet.html: 1
[2015-10-31 20:54:22] EDIT DEFINE/views/particular/vistaWordNet.html: 1
[2015-10-31 20:55:02] EDIT DEFINE/views/particular/vistaWordNet.html: 0
[2015-10-31 20:55:42] EDIT DEFINE/views/particular/relacion.html: 0
[2015-10-31 20:56:29] EDIT DEFINE/views/particular/vistaWordNet.html: -1
[2015-10-31 20:56:32] EDIT DEFINE/views/particular/vistaWordNet.html: 0
[2015-10-31 20:57:38] EDIT DEFINE/views/particular/relacion.html: 0
[2015-10-31 21:00:12] EDIT DEFINE/views/particular/vistaWordNet.html: 0
[2015-10-31 21:01:52] EDIT DEFINE/controllers/particular.py: 14
[2015-10-31 21:02:29] EDIT DEFINE/controllers/particular.py: -4
[2015-10-31 21:02:38] EDIT DEFINE/controllers/particular.py: 0
[2015-10-31 21:03:10] CREATE particular/crearGrupo.html: 0
[2015-10-31 21:03:55] EDIT DEFINE/views/particular/crearGrupo.html: 6
[2015-10-31 21:04:34] EDIT DEFINE/views/particular/crearGrupo.html: 0
[2015-10-31 21:04:54] EDIT DEFINE/views/particular/crearGrupo.html: 0
[2015-10-31 21:05:11] EDIT DEFINE/views/particular/crearGrupo.html: 7
[2015-10-31 21:05:29] EDIT DEFINE/views/particular/crearGrupo.html: 0
[2015-10-31 21:07:51] EDIT DEFINE/views/particular/relacion.html: 14
[2015-10-31 21:08:41] EDIT DEFINE/views/particular/relacion.html: -9
[2015-10-31 21:09:22] EDIT DEFINE/views/particular/relacion.html: 0
[2015-10-31 21:13:48] EDIT DEFINE/views/particular/relacion.html: 19
[2015-10-31 21:18:36] EDIT DEFINE/views/particular/relacion.html: 2
[2015-10-31 21:19:08] EDIT DEFINE/views/particular/relacion.html: 1
[2015-10-31 21:20:14] EDIT DEFINE/views/particular/relacion.html: 2
[2015-10-31 21:20:47] EDIT DEFINE/views/particular/relacion.html: -1
[2015-10-31 21:21:30] EDIT DEFINE/views/particular/relacion.html: 0
[2015-10-31 21:22:33] EDIT DEFINE/views/particular/relacion.html: -7
[2015-10-31 21:23:28] EDIT DEFINE/views/particular/relacion.html: 0
[2015-10-31 21:26:44] EDIT DEFINE/controllers/particular.py: -20
[2015-10-31 21:28:51] EDIT DEFINE/models/db.py: 0
[2015-10-31 21:31:08] EDIT DEFINE/views/particular/relacion.html: 0
[2015-10-31 21:31:32] EDIT DEFINE/views/particular/relacion.html: 0
[2015-10-31 21:32:08] EDIT DEFINE/views/particular/relacion.html: 0
[2015-10-31 21:33:58] EDIT DEFINE/controllers/particular.py: 1
[2015-10-31 21:34:37] EDIT DEFINE/controllers/particular.py: 0
[2015-10-31 21:36:21] EDIT DEFINE/controllers/particular.py: 2
[2015-10-31 21:36:40] EDIT DEFINE/controllers/particular.py: 0
[2015-10-31 21:37:07] EDIT DEFINE/controllers/particular.py: 0
[2015-10-31 21:38:05] EDIT DEFINE/controllers/particular.py: 1
[2015-10-31 21:38:50] EDIT DEFINE/controllers/particular.py: -1
[2015-10-31 21:40:58] EDIT DEFINE/controllers/particular.py: 2
[2015-10-31 21:41:14] EDIT DEFINE/controllers/particular.py: 1
[2015-10-31 21:43:04] EDIT DEFINE/controllers/particular.py: 2
[2015-10-31 21:46:00] EDIT DEFINE/controllers/particular.py: 1
[2015-10-31 21:46:15] EDIT DEFINE/controllers/particular.py: 2
[2015-10-31 21:46:46] EDIT DEFINE/controllers/particular.py: 1
[2015-10-31 21:48:00] EDIT DEFINE/controllers/particular.py: 11
[2015-10-31 21:48:39] EDIT DEFINE/controllers/particular.py: 0
[2015-10-31 21:49:09] EDIT DEFINE/controllers/particular.py: 0
[2015-10-31 21:49:48] CREATE particular/getHistorialGrupo.html: 0
[2015-10-31 21:50:27] EDIT DEFINE/views/particular/getHistorialGrupo.html: -2
[2015-10-31 21:51:26] EDIT DEFINE/views/particular/relacion.html: 13
[2015-10-31 21:54:13] EDIT DEFINE/views/particular/relacion.html: 9
[2015-10-31 21:57:09] EDIT DEFINE/views/particular/relacion.html: 10
[2015-10-31 22:00:36] EDIT DEFINE/views/particular/relacion.html: 0
[2015-10-31 22:01:08] EDIT DEFINE/controllers/particular.py: 1
[2015-10-31 22:03:20] EDIT DEFINE/views/particular/relacion.html: 0
[2015-10-31 22:04:17] EDIT DEFINE/views/particular/relacion.html: 0
[2015-10-31 22:04:56] EDIT DEFINE/views/particular/relacion.html: 1
[2015-10-31 22:05:40] EDIT DEFINE/views/particular/relacion.html: 0
[2015-10-31 22:07:57] EDIT DEFINE/views/particular/relacion.html: 0
[2015-10-31 22:08:30] EDIT DEFINE/views/particular/relacion.html: 0
[2015-11-01 00:27:38] EDIT DEFINE/views/particular/relacion.html: 1
[2015-11-01 00:30:21] EDIT DEFINE/views/particular/relacion.html: 6
[2015-11-01 00:30:26] EDIT DEFINE/views/particular/relacion.html: 0
[2015-11-01 00:30:55] EDIT DEFINE/views/particular/relacion.html: 0
[2015-11-01 00:33:04] EDIT DEFINE/views/particular/relacion.html: 0
[2015-11-01 00:35:14] EDIT DEFINE/views/particular/relacion.html: 1
[2015-11-01 00:35:56] EDIT DEFINE/views/particular/relacion.html: 0
[2015-11-01 00:40:46] EDIT DEFINE/views/particular/relacion.html: 2
[2015-11-01 00:46:47] EDIT DEFINE/views/particular/relacion.html: 3
[2015-11-01 00:51:38] EDIT DEFINE/views/particular/relacion.html: 5
[2015-11-01 00:55:06] EDIT DEFINE/views/particular/relacion.html: 4
[2015-11-01 00:55:18] EDIT DEFINE/views/particular/relacion.html: 1
[2015-11-01 00:56:58] EDIT DEFINE/views/particular/relacion.html: 1
[2015-11-01 00:57:46] EDIT DEFINE/views/particular/relacion.html: 0
[2015-11-01 00:57:51] EDIT DEFINE/views/particular/relacion.html: 0
[2015-11-01 00:58:47] EDIT DEFINE/views/particular/relacion.html: 0
[2015-11-01 00:59:29] EDIT DEFINE/views/particular/relacion.html: -2
[2015-11-01 01:01:51] EDIT DEFINE/views/particular/relacion.html: 2
[2015-11-01 01:11:59] EDIT DEFINE/controllers/particular.py: 4
[2015-11-01 01:21:32] EDIT DEFINE/controllers/particular.py: 9
[2015-11-01 01:29:14] EDIT DEFINE/controllers/particular.py: 1
[2015-11-01 01:29:56] EDIT DEFINE/controllers/particular.py: 0
[2015-11-01 01:30:15] EDIT DEFINE/views/particular/relacion.html: 0
[2015-11-01 01:32:58] EDIT DEFINE/controllers/particular.py: 7
[2015-11-01 01:35:16] EDIT DEFINE/controllers/particular.py: 0
[2015-11-01 01:35:29] EDIT DEFINE/controllers/particular.py: 0
[2015-11-01 01:38:26] EDIT DEFINE/controllers/particular.py: 38
[2015-11-01 01:39:07] EDIT DEFINE/controllers/particular.py: -3
[2015-11-01 01:39:25] EDIT DEFINE/controllers/particular.py: 0
[2015-11-01 01:39:57] EDIT DEFINE/models/db.py: 0
[2015-11-01 01:40:20] EDIT DEFINE/controllers/particular.py: 0
[2015-11-01 01:46:35] EDIT DEFINE/controllers/particular.py: 1
[2015-11-01 01:49:00] EDIT DEFINE/controllers/particular.py: 0
[2015-11-01 01:51:46] EDIT DEFINE/controllers/particular.py: 3
[2015-11-01 01:51:50] EDIT DEFINE/controllers/particular.py: 0
[2015-11-01 01:56:31] EDIT DEFINE/controllers/particular.py: 0
[2015-11-01 01:59:58] EDIT DEFINE/controllers/particular.py: 0
[2015-11-01 02:26:57] EDIT DEFINE/controllers/particular.py: 1
[2015-11-01 02:32:36] EDIT DEFINE/controllers/particular.py: 0
[2015-11-01 02:35:04] EDIT DEFINE/controllers/particular.py: 0
[2015-11-01 11:21:40] EDIT DEFINE/views/particular/relacion.html: 18
[2015-11-01 11:21:59] EDIT DEFINE/views/particular/relacion.html: 1
[2015-11-01 11:22:15] EDIT DEFINE/views/particular/relacion.html: 0
[2015-11-01 11:23:08] EDIT DEFINE/views/particular/relacion.html: 3
[2015-11-01 11:44:55] EDIT DEFINE/views/particular/relacion.html: 4
[2015-11-01 11:45:50] EDIT DEFINE/controllers/particular.py: -18
[2015-11-01 11:47:25] EDIT DEFINE/views/particular/relacion.html: 0
[2015-11-01 13:19:08] EDIT DEFINE/views/particular/relacion.html: 0
[2015-11-01 13:21:19] EDIT DEFINE/views/particular/relacion.html: 0
[2015-11-01 13:22:40] EDIT DEFINE/views/particular/relacion.html: 2
[2015-11-01 13:23:49] EDIT DEFINE/views/particular/relacion.html: 1
[2015-11-01 13:24:41] EDIT DEFINE/views/particular/relacion.html: 0
[2015-11-01 13:25:39] EDIT DEFINE/views/particular/relacion.html: 0
[2015-11-01 13:26:02] EDIT DEFINE/views/particular/relacion.html: 0
[2015-11-01 13:29:42] EDIT DEFINE/views/particular/relacion.html: 0
[2015-11-01 13:30:40] EDIT DEFINE/views/particular/relacion.html: 0
[2015-11-01 13:30:45] EDIT DEFINE/views/particular/relacion.html: -1
[2015-11-01 13:33:02] EDIT DEFINE/views/particular/relacion.html: 0
[2015-11-01 13:33:28] EDIT DEFINE/views/particular/relacion.html: 0
[2015-11-01 13:34:17] EDIT DEFINE/views/particular/relacion.html: 1
[2015-11-01 13:36:43] EDIT DEFINE/views/particular/relacion.html: 0
[2015-11-01 13:39:36] EDIT DEFINE/views/particular/relacion.html: 0
[2015-11-01 13:40:16] EDIT DEFINE/views/particular/relacion.html: 0
[2015-11-01 13:42:43] EDIT DEFINE/views/particular/relacion.html: 0
[2015-11-01 13:44:45] EDIT DEFINE/views/particular/relacion.html: -1
[2015-11-01 13:45:29] EDIT DEFINE/views/particular/relacion.html: -2
[2015-11-01 13:47:30] EDIT DEFINE/views/particular/relacion.html: 0
[2015-11-01 13:48:01] EDIT DEFINE/views/particular/relacion.html: 0
[2015-11-01 13:48:22] EDIT DEFINE/views/particular/relacion.html: 0
[2015-11-01 15:29:42] EDIT DEFINE/controllers/particular.py: 8
[2015-11-01 15:40:09] EDIT DEFINE/controllers/particular.py: 1
[2015-11-01 15:40:53] EDIT DEFINE/controllers/particular.py: 0
[2015-11-01 15:41:22] EDIT DEFINE/controllers/particular.py: 0
[2015-11-01 15:41:59] EDIT DEFINE/controllers/particular.py: 0
[2015-11-01 15:44:36] EDIT DEFINE/views/particular/relacion.html: 0
[2015-11-01 15:47:02] EDIT DEFINE/views/particular/relacion.html: 0
[2015-11-01 15:47:20] EDIT DEFINE/views/particular/relacion.html: 1
[2015-11-01 15:47:48] EDIT DEFINE/views/particular/relacion.html: 1
[2015-11-01 15:48:22] EDIT DEFINE/views/particular/relacion.html: 1
[2015-11-01 15:49:33] EDIT DEFINE/views/particular/relacion.html: 1
[2015-11-01 15:50:17] EDIT DEFINE/views/particular/relacion.html: 0
[2015-11-01 15:51:38] EDIT DEFINE/views/particular/relacion.html: 2
[2015-11-01 15:52:06] EDIT DEFINE/views/particular/relacion.html: 2
[2015-11-01 15:54:01] EDIT DEFINE/views/particular/relacion.html: 0
[2015-11-01 15:54:19] EDIT DEFINE/views/particular/relacion.html: 1
[2015-11-01 15:54:27] EDIT DEFINE/views/particular/relacion.html: 1
[2015-11-01 15:55:12] EDIT DEFINE/views/particular/relacion.html: 0
[2015-11-01 15:56:07] EDIT DEFINE/views/particular/relacion.html: 0
[2015-11-01 15:57:18] EDIT DEFINE/views/particular/relacion.html: 0
[2015-11-01 15:58:11] EDIT DEFINE/views/particular/relacion.html: 0
[2015-11-01 15:58:29] EDIT DEFINE/views/particular/relacion.html: 0
[2015-11-01 16:00:25] EDIT DEFINE/views/particular/relacion.html: 0
[2015-11-01 16:01:31] EDIT DEFINE/views/particular/relacion.html: 0
[2015-11-01 16:02:21] EDIT DEFINE/views/particular/relacion.html: 0
[2015-11-01 16:02:33] EDIT DEFINE/views/particular/relacion.html: 0
[2015-11-01 16:05:04] EDIT DEFINE/views/particular/relacion.html: 0
[2015-11-01 16:05:24] EDIT DEFINE/views/particular/relacion.html: 0
[2015-11-01 16:06:19] EDIT DEFINE/views/particular/relacion.html: 0
[2015-11-01 16:06:40] EDIT DEFINE/views/particular/relacion.html: 0
[2015-11-01 16:09:07] EDIT DEFINE/views/particular/relacion.html: 2
[2015-11-01 16:09:13] EDIT DEFINE/views/particular/relacion.html: 1
[2015-11-01 16:09:42] EDIT DEFINE/views/particular/relacion.html: 0
[2015-11-01 16:10:40] EDIT DEFINE/views/particular/relacion.html: 0
[2015-11-01 16:11:36] EDIT DEFINE/views/particular/relacion.html: 0
[2015-11-01 16:13:29] EDIT DEFINE/views/particular/relacion.html: 0
[2015-11-01 16:14:52] EDIT DEFINE/views/particular/getHistorialGrupo.html: 6
[2015-11-01 16:16:36] EDIT DEFINE/views/particular/relacion.html: 1
[2015-11-01 16:18:43] EDIT DEFINE/views/particular/relacion.html: 0
[2015-11-01 16:18:59] EDIT DEFINE/views/particular/getHistorialGrupo.html: -6
[2015-11-01 16:22:24] EDIT DEFINE/views/particular/relacion.html: 0
[2015-11-01 16:44:24] EDIT DEFINE/views/particular/relacion.html: 1
[2015-11-01 16:48:36] EDIT DEFINE/views/particular/relacion.html: -1
[2015-11-01 16:49:39] EDIT DEFINE/views/particular/relacion.html: 0
[2015-11-01 16:51:39] EDIT DEFINE/views/particular/relacion.html: 0
[2015-11-01 16:52:30] EDIT DEFINE/views/particular/relacion.html: 0
[2015-11-01 16:53:18] EDIT DEFINE/views/particular/getHistorialGrupo.html: 6
[2015-11-01 16:55:51] EDIT DEFINE/views/particular/relacion.html: 0
[2015-11-01 16:57:37] EDIT DEFINE/views/particular/relacion.html: 0
[2015-11-01 16:58:31] EDIT DEFINE/views/particular/relacion.html: 0
[2015-11-01 17:01:04] EDIT DEFINE/views/particular/relacion.html: 0
[2015-11-01 17:02:22] EDIT DEFINE/views/particular/relacion.html: 1
[2015-11-01 17:03:31] EDIT DEFINE/views/particular/relacion.html: 1
[2015-11-01 17:05:43] EDIT DEFINE/views/particular/relacion.html: 0
[2015-11-01 17:06:20] EDIT DEFINE/views/particular/relacion.html: 0
[2015-11-01 17:08:21] EDIT DEFINE/views/particular/relacion.html: 1
[2015-11-01 17:09:21] EDIT DEFINE/views/particular/relacion.html: 1
[2015-11-01 17:10:59] EDIT DEFINE/controllers/particular.py: 1
[2015-11-01 17:33:21] EDIT DEFINE/views/particular/relacion.html: 1
[2015-11-01 17:37:26] EDIT DEFINE/views/particular/relacion.html: 0
[2015-11-01 17:39:46] EDIT DEFINE/views/particular/relacion.html: 0
[2015-11-01 17:39:58] EDIT DEFINE/views/particular/relacion.html: 0
[2015-11-01 17:41:16] EDIT DEFINE/views/particular/relacion.html: 0
[2015-11-01 17:42:39] EDIT DEFINE/views/particular/relacion.html: 0
[2015-11-01 17:43:27] EDIT DEFINE/views/particular/relacion.html: -1
[2015-11-01 17:44:06] EDIT DEFINE/views/particular/relacion.html: 0
[2015-11-01 17:57:15] EDIT DEFINE/controllers/particular.py: 0
[2015-11-01 18:05:44] EDIT DEFINE/controllers/particular.py: 0
[2015-11-01 18:06:31] EDIT DEFINE/views/particular/relacion.html: 1
[2015-11-01 18:07:31] EDIT DEFINE/views/particular/relacion.html: 0
[2015-11-01 18:08:26] EDIT DEFINE/views/particular/relacion.html: 0
[2015-11-01 18:12:59] EDIT DEFINE/controllers/particular.py: 2
[2015-11-01 18:14:26] EDIT DEFINE/controllers/particular.py: -2
[2015-11-01 18:14:44] EDIT DEFINE/controllers/particular.py: 0
[2015-11-01 18:16:19] EDIT DEFINE/controllers/particular.py: 0
[2015-11-01 18:16:41] EDIT DEFINE/controllers/particular.py: 0
[2015-11-01 18:19:40] EDIT DEFINE/views/particular/relacion.html: 0
[2015-11-01 18:19:53] EDIT DEFINE/views/particular/relacion.html: 0
[2015-11-01 18:20:36] EDIT DEFINE/controllers/particular.py: 0
[2015-11-01 18:22:45] EDIT DEFINE/controllers/particular.py: 0
[2015-11-01 18:23:59] EDIT DEFINE/views/particular/relacion.html: 0
[2015-11-01 18:24:36] EDIT DEFINE/controllers/particular.py: 1
[2015-11-01 18:25:01] EDIT DEFINE/controllers/particular.py: -1
[2015-11-01 18:26:34] EDIT DEFINE/views/particular/relacion.html: 0
[2015-11-01 18:27:43] EDIT DEFINE/views/particular/relacion.html: 0
[2015-11-01 18:27:59] EDIT DEFINE/controllers/particular.py: 0
[2015-11-01 18:30:17] EDIT DEFINE/controllers/particular.py: 1
[2015-11-01 18:30:40] EDIT DEFINE/controllers/particular.py: 0
[2015-11-01 18:31:43] EDIT DEFINE/views/particular/relacion.html: -9
[2015-11-01 18:31:48] EDIT DEFINE/controllers/particular.py: 0
[2015-11-01 18:34:20] EDIT DEFINE/controllers/particular.py: 3
[2015-11-01 18:34:46] EDIT DEFINE/views/particular/relacion.html: -1
[2015-11-01 18:49:09] EDIT DEFINE/controllers/particular.py: 1
[2015-11-01 18:49:13] EDIT DEFINE/controllers/particular.py: 0
[2015-11-01 18:50:51] EDIT DEFINE/views/particular/vistaWordNet.html: 5
[2015-11-01 18:51:29] EDIT DEFINE/views/particular/vistaWordNet.html: 1
[2015-11-01 19:31:30] EDIT DEFINE/controllers/particular.py: 1
[2015-11-01 19:43:17] EDIT DEFINE/controllers/particular.py: 3
[2015-11-01 19:44:15] EDIT DEFINE/views/particular/crearGrupo.html: 1
[2015-11-01 19:50:48] EDIT DEFINE/views/particular/crearGrupo.html: 1
[2015-11-01 19:51:48] EDIT DEFINE/controllers/particular.py: 0
[2015-11-01 19:53:42] EDIT DEFINE/controllers/particular.py: 0
[2015-11-01 19:54:32] EDIT DEFINE/views/particular/crearGrupo.html: 2
[2015-11-01 19:55:51] EDIT DEFINE/views/particular/crearGrupo.html: 1
[2015-11-01 20:02:53] EDIT DEFINE/views/particular/crearGrupo.html: 2
[2015-11-01 20:16:47] EDIT DEFINE/views/particular/relacion.html: 0
[2015-11-01 20:28:21] EDIT DEFINE/controllers/particular.py: 0
[2015-11-01 20:30:38] EDIT DEFINE/controllers/particular.py: 0
[2015-11-01 20:31:18] EDIT DEFINE/controllers/particular.py: 0
[2015-11-01 20:33:19] EDIT DEFINE/views/particular/relacion.html: 1
[2015-11-01 20:35:13] EDIT DEFINE/controllers/particular.py: 0
[2015-11-01 20:36:04] EDIT DEFINE/controllers/particular.py: 0
[2015-11-01 20:39:24] EDIT DEFINE/controllers/particular.py: 0
[2015-11-01 20:39:57] EDIT DEFINE/controllers/particular.py: 0
[2015-11-01 20:40:41] EDIT DEFINE/controllers/particular.py: 0
[2015-11-01 20:42:31] EDIT DEFINE/controllers/particular.py: 3
[2015-11-01 20:43:49] EDIT DEFINE/controllers/particular.py: 2
[2015-11-01 20:45:06] EDIT DEFINE/controllers/particular.py: 0
[2015-11-01 20:46:27] EDIT DEFINE/views/particular/relacion.html: -1
[2015-11-01 20:52:37] EDIT DEFINE/controllers/particular.py: 1
[2015-11-01 20:58:27] EDIT DEFINE/views/particular/relacion.html: 0
[2015-11-01 21:01:42] EDIT DEFINE/views/particular/relacion.html: 0
[2015-11-01 21:05:41] EDIT DEFINE/views/particular/relacion.html: 0
[2015-11-01 21:20:46] EDIT DEFINE/views/particular/relacion.html: 0
[2015-11-01 21:21:55] EDIT DEFINE/controllers/particular.py: 1
[2015-11-01 21:22:43] EDIT DEFINE/controllers/particular.py: 0
[2015-11-01 21:23:56] EDIT DEFINE/views/particular/relacion.html: 0
[2015-11-01 21:24:41] EDIT DEFINE/views/particular/relacion.html: 0
[2015-11-01 21:36:39] EDIT DEFINE/controllers/particular.py: 1
[2015-11-01 21:37:15] EDIT DEFINE/controllers/particular.py: 0
[2015-11-01 21:37:52] EDIT DEFINE/controllers/particular.py: 0
[2015-11-01 21:45:48] EDIT DEFINE/controllers/particular.py: 2
[2015-11-01 21:47:02] EDIT DEFINE/controllers/particular.py: 0
[2015-11-01 21:51:23] EDIT DEFINE/views/particular/inicio.html: 0
[2015-11-01 21:52:33] EDIT DEFINE/views/particular/relacion.html: 0
[2015-11-01 21:56:22] CREATE general.py: 0
[2015-11-01 21:56:57] EDIT DEFINE/controllers/general.py: 220
[2015-11-01 21:59:08] EDIT DEFINE/controllers/general.py: 0
[2015-11-01 22:01:25] EDIT DEFINE/controllers/general.py: 0
[2015-11-01 22:04:44] EDIT DEFINE/controllers/general.py: 2
[2015-11-01 22:06:15] EDIT DEFINE/controllers/general.py: 3
[2015-11-01 22:06:45] EDIT DEFINE/controllers/general.py: 0
[2015-11-01 22:08:00] EDIT DEFINE/controllers/general.py: 7
[2015-11-01 22:09:50] EDIT DEFINE/controllers/general.py: 1
[2015-11-01 22:10:02] EDIT DEFINE/controllers/general.py: 0
[2015-11-01 22:10:23] EDIT DEFINE/controllers/general.py: -7
[2015-11-01 22:11:00] EDIT DEFINE/controllers/general.py: 0
[2015-11-01 22:13:49] EDIT DEFINE/controllers/general.py: 1
[2015-11-01 22:14:50] EDIT DEFINE/controllers/general.py: 1
[2015-11-01 22:15:04] EDIT DEFINE/controllers/general.py: 0
[2015-11-01 22:16:05] EDIT DEFINE/controllers/general.py: 1
[2015-11-01 22:16:49] EDIT DEFINE/controllers/general.py: 1
[2015-11-01 22:19:51] EDIT DEFINE/controllers/general.py: 0
[2015-11-01 22:19:56] EDIT DEFINE/controllers/general.py: 0
[2015-11-01 22:22:11] EDIT DEFINE/controllers/general.py: 4
[2015-11-01 22:23:39] EDIT DEFINE/controllers/general.py: 1
[2015-11-01 22:24:48] EDIT DEFINE/controllers/general.py: 2
[2015-11-01 22:25:17] EDIT DEFINE/controllers/general.py: -1
[2015-11-01 22:25:21] EDIT DEFINE/controllers/general.py: -1
[2015-11-01 22:25:49] EDIT DEFINE/controllers/general.py: 1
[2015-11-01 22:27:12] EDIT DEFINE/controllers/general.py: 0
[2015-11-01 22:29:59] EDIT DEFINE/controllers/general.py: 0
[2015-11-01 22:31:07] EDIT DEFINE/controllers/general.py: -1
[2015-11-01 22:47:01] EDIT DEFINE/controllers/general.py: 1
[2015-11-01 22:47:14] EDIT DEFINE/controllers/general.py: -1
[2015-11-01 22:48:29] EDIT DEFINE/controllers/general.py: 0
[2015-11-01 22:48:32] EDIT DEFINE/controllers/general.py: 0
[2015-11-01 22:49:10] EDIT DEFINE/controllers/general.py: 0
[2015-11-01 22:50:58] EDIT DEFINE/controllers/general.py: 1
[2015-11-01 22:51:07] EDIT DEFINE/controllers/general.py: 0
[2015-11-01 22:54:18] EDIT DEFINE/controllers/general.py: 1
[2015-11-01 22:54:42] EDIT DEFINE/controllers/general.py: 0
[2015-11-01 23:00:08] EDIT DEFINE/controllers/general.py: 1
[2015-11-01 23:01:39] EDIT DEFINE/controllers/general.py: 0
[2015-11-01 23:01:45] EDIT DEFINE/controllers/general.py: 0
[2015-11-01 23:03:48] EDIT DEFINE/controllers/general.py: 0
[2015-11-01 23:03:56] EDIT DEFINE/controllers/general.py: 0
[2015-11-01 23:04:25] CREATE general/crearGrupo.html: 0
[2015-11-01 23:07:10] EDIT DEFINE/controllers/general.py: 0
[2015-11-01 23:07:38] EDIT DEFINE/views/general/crearGrupo.html: 20
[2015-11-01 23:08:09] CREATE general/getHistorialGrupo.html: 0
[2015-11-01 23:08:51] DELETE DEFINE/views/general/getHistorialGrupo.html: -3
[2015-11-01 23:09:08] CREATE general/importar.html: 0
[2015-11-01 23:09:29] EDIT DEFINE/views/general/importar.html: -1
[2015-11-01 23:09:51] CREATE general/inicio.html: 0
[2015-11-01 23:13:38] EDIT DEFINE/views/general/inicio.html: 15
[2015-11-01 23:14:03] EDIT DEFINE/views/general/inicio.html: 0
[2015-11-01 23:14:29] CREATE general/relacion.html: 0
[2015-11-01 23:16:39] EDIT DEFINE/views/general/relacion.html: 162
[2015-11-01 23:17:03] EDIT DEFINE/controllers/general.py: 0
[2015-11-01 23:17:14] EDIT DEFINE/controllers/general.py: 0
[2015-11-01 23:17:18] EDIT DEFINE/controllers/general.py: 0
[2015-11-01 23:23:16] EDIT DEFINE/models/db.py: 0
[2015-11-01 23:24:47] EDIT DEFINE/controllers/particular.py: 0
[2015-11-01 23:25:30] EDIT DEFINE/controllers/general.py: 0
[2015-11-01 23:26:29] EDIT DEFINE/views/general/relacion.html: 2
[2015-11-01 23:29:43] EDIT DEFINE/controllers/general.py: -1
[2015-11-01 23:29:56] EDIT DEFINE/controllers/general.py: 1
[2015-11-01 23:30:30] EDIT DEFINE/controllers/general.py: 1
[2015-11-01 23:30:47] EDIT DEFINE/controllers/general.py: 0
[2015-11-01 23:31:50] EDIT DEFINE/controllers/general.py: 1
[2015-11-01 23:32:40] EDIT DEFINE/views/general/relacion.html: 0
[2015-11-01 23:33:24] CREATE general/vistaWordNet.html: 0
[2015-11-01 23:35:25] EDIT DEFINE/views/general/vistaWordNet.html: 30
[2015-11-01 23:36:38] EDIT DEFINE/controllers/general.py: 0
[2015-11-01 23:40:00] EDIT DEFINE/controllers/general.py: 0
[2015-11-01 23:41:27] EDIT DEFINE/controllers/general.py: 0
[2015-11-01 23:42:05] EDIT DEFINE/controllers/particular.py: 0
[2015-11-01 23:44:48] EDIT DEFINE/controllers/general.py: 0
[2015-11-01 23:45:26] EDIT DEFINE/controllers/particular.py: 0
[2015-11-01 23:47:40] EDIT DEFINE/views/general/relacion.html: 0
[2015-11-01 23:49:11] EDIT DEFINE/controllers/general.py: 0
[2015-11-01 23:50:46] EDIT DEFINE/views/general/vistaWordNet.html: 0
[2015-11-01 23:51:32] EDIT DEFINE/controllers/general.py: 0
[2015-11-01 23:53:44] EDIT DEFINE/controllers/general.py: 1
[2015-11-01 23:54:20] EDIT DEFINE/views/general/relacion.html: 0
[2015-11-01 23:55:08] EDIT DEFINE/controllers/general.py: 0
[2015-11-01 23:55:43] EDIT DEFINE/controllers/general.py: 0
[2015-11-01 23:56:46] EDIT DEFINE/controllers/general.py: 0
[2015-11-01 23:58:10] EDIT DEFINE/controllers/general.py: 1
[2015-11-01 23:58:57] EDIT DEFINE/controllers/general.py: 0
[2015-11-01 23:59:04] EDIT DEFINE/controllers/general.py: -1
[2015-11-02 00:00:05] EDIT DEFINE/controllers/particular.py: 0
[2015-11-02 00:00:27] EDIT DEFINE/controllers/general.py: 0
[2015-11-02 00:00:33] EDIT DEFINE/controllers/particular.py: 0
[2015-11-02 00:02:30] EDIT DEFINE/controllers/general.py: 0
[2015-11-02 00:03:37] EDIT DEFINE/views/general/vistaWordNet.html: 1
[2015-11-02 00:04:05] EDIT DEFINE/views/general/vistaWordNet.html: 1
[2015-11-02 00:05:03] EDIT DEFINE/controllers/general.py: 1
[2015-11-02 00:06:22] EDIT DEFINE/controllers/general.py: 0
[2015-11-02 00:07:11] EDIT DEFINE/controllers/general.py: 1
[2015-11-02 00:08:10] EDIT DEFINE/controllers/general.py: 0
[2015-11-02 00:12:08] EDIT DEFINE/controllers/general.py: 0
[2015-11-02 00:14:25] EDIT DEFINE/controllers/general.py: 1
[2015-11-02 00:15:11] EDIT DEFINE/controllers/general.py: -1
[2015-11-02 00:16:10] EDIT DEFINE/controllers/general.py: 0
[2015-11-02 00:17:23] EDIT DEFINE/views/general/vistaWordNet.html: -1
[2015-11-02 00:17:52] EDIT DEFINE/views/general/vistaWordNet.html: 0
[2015-11-02 00:18:06] EDIT DEFINE/views/general/vistaWordNet.html: 0
[2015-11-02 00:21:05] EDIT DEFINE/controllers/general.py: 0
[2015-11-02 00:21:16] EDIT DEFINE/controllers/general.py: 1
[2015-11-02 00:21:41] EDIT DEFINE/controllers/particular.py: 1
[2015-11-02 00:21:45] EDIT DEFINE/controllers/particular.py: 0
[2015-11-02 00:23:23] EDIT DEFINE/controllers/general.py: 0
[2015-11-02 00:27:15] EDIT DEFINE/views/general/relacion.html: 5
[2015-11-02 00:27:43] EDIT DEFINE/views/general/relacion.html: 0
[2015-11-02 00:33:11] EDIT DEFINE/controllers/general.py: 1
[2015-11-02 00:34:27] EDIT DEFINE/controllers/general.py: -1
[2015-11-02 00:38:42] EDIT DEFINE/controllers/general.py: 3
[2015-11-02 00:38:54] EDIT DEFINE/controllers/general.py: 0
[2015-11-02 00:42:50] EDIT DEFINE/controllers/general.py: -2
[2015-11-02 00:46:12] EDIT DEFINE/controllers/general.py: 0
[2015-11-02 00:46:49] EDIT DEFINE/controllers/general.py: 0
[2015-11-02 00:47:09] EDIT DEFINE/controllers/general.py: 0
[2015-11-02 00:47:23] EDIT DEFINE/controllers/general.py: 0
[2015-11-02 00:47:54] EDIT DEFINE/controllers/general.py: 0
[2015-11-02 00:49:24] EDIT DEFINE/controllers/general.py: 0
[2015-11-02 00:49:58] EDIT DEFINE/controllers/general.py: 0
[2015-11-02 00:51:22] EDIT DEFINE/controllers/general.py: 2
[2015-11-02 00:52:03] EDIT DEFINE/controllers/general.py: 0
[2015-11-02 00:52:36] EDIT DEFINE/controllers/general.py: 0
[2015-11-02 00:57:37] EDIT DEFINE/controllers/general.py: 0
[2015-11-02 00:58:45] EDIT DEFINE/views/general/relacion.html: 5
[2015-11-02 01:00:30] EDIT DEFINE/views/general/relacion.html: 0
[2015-11-02 01:01:19] EDIT DEFINE/views/general/relacion.html: 0
[2015-11-02 01:02:09] EDIT DEFINE/views/general/relacion.html: 0
[2015-11-02 01:03:50] EDIT DEFINE/views/general/relacion.html: 0
[2015-11-02 01:04:42] EDIT DEFINE/views/particular/relacion.html: 0
[2015-11-02 01:05:10] EDIT DEFINE/views/particular/relacion.html: 5
[2015-11-02 01:13:53] EDIT DEFINE/views/general/relacion.html: 1
[2015-11-02 01:15:59] EDIT DEFINE/views/general/relacion.html: 10
[2015-11-02 01:16:13] EDIT DEFINE/views/general/relacion.html: 0
[2015-11-02 01:17:52] EDIT DEFINE/views/general/relacion.html: 0
[2015-11-02 01:18:16] EDIT DEFINE/views/particular/relacion.html: 0
[2015-11-02 01:18:22] EDIT DEFINE/views/general/relacion.html: 0
[2015-11-02 01:18:56] EDIT DEFINE/views/general/relacion.html: 0
[2015-11-02 01:21:07] EDIT DEFINE/views/general/relacion.html: 0
[2015-11-02 01:21:35] EDIT DEFINE/views/general/relacion.html: 0
[2015-11-02 01:24:02] EDIT DEFINE/views/general/relacion.html: 0
[2015-11-02 01:25:59] EDIT DEFINE/views/general/relacion.html: 3
[2015-11-02 01:27:15] EDIT DEFINE/views/general/relacion.html: 1
[2015-11-02 01:27:55] EDIT DEFINE/views/general/relacion.html: 0
[2015-11-02 01:29:05] EDIT DEFINE/views/particular/relacion.html: 13
[2015-11-02 01:29:23] EDIT DEFINE/views/particular/relacion.html: 1
[2015-11-02 01:39:06] EDIT DEFINE/views/default/index.html: 1
[2015-11-02 01:39:31] CREATE interfaz.py: 0
[2015-11-02 01:41:17] EDIT DEFINE/controllers/interfaz.py: 4
[2015-11-02 01:41:48] CREATE interfaz/inicio.html: 0
[2015-11-02 01:42:09] EDIT DEFINE/controllers/interfaz.py: 0
[2015-11-02 01:44:35] EDIT DEFINE/views/interfaz/inicio.html: 5
[2015-11-02 01:45:20] EDIT DEFINE/controllers/interfaz.py: 0
[2015-11-02 01:50:24] EDIT DEFINE/controllers/interfaz.py: 5
[2015-11-02 02:02:48] EDIT DEFINE/controllers/interfaz.py: 18
[2015-11-02 02:05:54] EDIT DEFINE/controllers/interfaz.py: 9
[2015-11-02 02:05:59] EDIT DEFINE/controllers/interfaz.py: -1
[2015-11-02 02:06:51] EDIT DEFINE/views/interfaz/inicio.html: 0
[2015-11-02 02:07:19] EDIT DEFINE/controllers/interfaz.py: 0
[2015-11-02 02:08:03] EDIT DEFINE/controllers/interfaz.py: 0
[2015-11-02 02:10:03] EDIT DEFINE/controllers/interfaz.py: 1
[2015-11-02 02:11:20] EDIT DEFINE/controllers/interfaz.py: 0
[2015-11-02 02:13:15] EDIT DEFINE/controllers/interfaz.py: 4
[2015-11-02 02:14:07] EDIT DEFINE/controllers/interfaz.py: 1
[2015-11-02 02:16:03] EDIT DEFINE/controllers/interfaz.py: 0
[2015-11-02 02:16:32] EDIT DEFINE/controllers/interfaz.py: 0
[2015-11-02 02:17:44] EDIT DEFINE/controllers/interfaz.py: 0
[2015-11-02 02:17:50] EDIT DEFINE/controllers/interfaz.py: -1
[2015-11-02 02:18:59] EDIT DEFINE/controllers/interfaz.py: -1
[2015-11-02 02:19:46] EDIT DEFINE/views/interfaz/inicio.html: 0
[2015-11-02 02:21:03] EDIT DEFINE/controllers/interfaz.py: 28
[2015-11-02 02:21:15] EDIT DEFINE/controllers/interfaz.py: 0
[2015-11-02 02:21:45] EDIT DEFINE/views/interfaz/inicio.html: 1
[2015-11-02 02:22:47] EDIT DEFINE/views/interfaz/inicio.html: 0
[2015-11-02 02:25:44] EDIT DEFINE/views/interfaz/inicio.html: 0
[2015-11-02 04:36:12] EDIT DEFINE/controllers/particular.py: 107
[2015-11-02 04:47:17] EDIT DEFINE/controllers/general.py: 109
[2015-11-02 04:52:49] EDIT DEFINE/controllers/interfaz.py: 32
[2015-11-02 04:55:07] EDIT DEFINE/models/db.py: 0
[2015-11-02 04:55:37] EDIT DEFINE/controllers/default.py: 0
[2015-11-30 14:36:29] EDIT Define/views/default/index.html: 2
[2015-11-30 14:36:43] EDIT Define/views/particular/importar.html: 9
[2015-12-07 12:49:49] EDIT Define/views/default/index.html: 9
[2015-12-07 12:52:14] EDIT Define/views/default/index.html: 0
[2015-12-07 13:17:05] EDIT Define/views/default/index.html: 1
[2015-12-07 13:19:04] EDIT Define/views/default/index.html: 0
[2015-12-07 13:29:27] EDIT Define/views/general/inicio.html: 3
[2015-12-07 13:34:03] EDIT Define/views/particular/inicio.html: 4
[2015-12-07 13:34:44] EDIT Define/views/general/inicio.html: 1
[2015-12-07 13:35:17] EDIT Define/views/general/inicio.html: 0
[2015-12-07 13:50:21] EDIT Define/views/general/inicio.html: 0
[2015-12-07 13:50:59] EDIT Define/views/particular/inicio.html: 0
[2015-12-07 13:53:19] EDIT Define/views/particular/inicio.html: 0
[2016-01-11 00:58:36] EDIT define2/controllers/general.py: 5
[2016-01-11 00:58:52] EDIT define2/controllers/general.py: 0
[2016-01-11 00:59:01] EDIT define2/controllers/general.py: 0
[2016-01-11 00:59:12] EDIT define2/controllers/general.py: 0
[2016-01-11 00:59:17] EDIT define2/controllers/general.py: 0
[2016-01-11 01:04:56] EDIT define2/views/general/vistaWordNet.html: 4
[2016-01-11 01:05:33] CREATE general/DBGroup.html: 0
[2016-01-11 01:08:27] EDIT define2/views/general/DBGroup.html: 5
[2016-01-11 01:09:53] EDIT define2/views/general/vistaWordNet.html: 0
[2016-01-11 01:15:58] EDIT define2/views/default/index.html: 0
[2016-01-11 01:16:44] EDIT define2/views/default/index.html: 0
[2016-01-11 01:19:03] EDIT define2/views/default/index.html: 0
[2016-01-11 01:19:54] EDIT define2/views/default/index.html: 0
[2016-01-11 01:23:31] EDIT define2/controllers/general.py: 6
[2016-01-11 01:24:55] EDIT define2/controllers/general.py: 1
[2016-01-11 01:26:03] EDIT define2/controllers/general.py: 0
[2016-01-11 01:31:50] EDIT define2/controllers/general.py: -3
[2016-01-11 01:36:25] EDIT define2/views/general/relacion.html: 0
[2016-01-11 01:38:16] EDIT define2/controllers/general.py: 1
[2016-01-11 01:42:11] EDIT define2/controllers/general.py: 3
[2016-01-11 01:44:55] EDIT define2/views/general/vistaWordNet.html: 1
[2016-01-11 01:46:08] EDIT define2/views/general/vistaWordNet.html: 0
[2016-01-11 01:46:15] EDIT define2/views/general/vistaWordNet.html: 0
[2016-01-11 01:48:06] EDIT define2/controllers/general.py: 1
[2016-01-11 01:49:03] EDIT define2/controllers/general.py: -1
[2016-01-11 01:49:06] EDIT define2/controllers/general.py: 0
[2016-01-11 01:50:51] EDIT define2/views/general/DBGroup.html: 1
[2016-01-11 01:58:39] EDIT define2/views/general/DBGroup.html: 0
[2016-01-11 02:00:36] EDIT define2/views/general/DBGroup.html: 0
[2016-01-11 02:00:41] EDIT define2/views/general/DBGroup.html: 0
[2016-01-11 02:00:52] EDIT define2/views/general/DBGroup.html: 1
[2016-01-11 02:01:19] EDIT define2/views/general/vistaWordNet.html: -1
[2016-01-11 02:02:20] EDIT define2/views/general/DBGroup.html: 0
[2016-01-11 02:02:55] EDIT define2/views/general/DBGroup.html: 1
[2016-01-11 02:05:24] EDIT define2/views/general/DBGroup.html: 0
[2016-01-11 02:05:24] EDIT define2/views/general/DBGroup.html: 0
[2016-01-11 02:05:25] EDIT define2/views/general/DBGroup.html: 0
[2016-01-11 02:05:25] EDIT define2/views/general/DBGroup.html: 0
[2016-01-11 02:05:25] EDIT define2/views/general/DBGroup.html: 0
[2016-01-11 02:05:58] EDIT define2/views/general/DBGroup.html: -1
[2016-01-11 02:06:47] EDIT define2/views/general/DBGroup.html: -1
[2016-01-11 02:08:14] EDIT define2/views/general/vistaWordNet.html: 1
[2016-01-11 02:08:35] EDIT define2/views/general/vistaWordNet.html: -1
[2016-01-11 02:09:31] EDIT define2/controllers/general.py: 1
[2016-01-11 02:10:37] EDIT define2/controllers/general.py: 0
[2016-01-11 02:19:05] EDIT define2/controllers/particular.py: 6
[2016-01-11 02:20:16] EDIT define2/views/particular/vistaWordNet.html: 2
[2016-01-11 02:20:46] EDIT define2/controllers/particular.py: 0
[2016-01-11 02:21:35] EDIT define2/views/particular/relacion.html: 0
[2016-01-11 02:22:02] CREATE particular/DBGroup.html: 0
[2016-01-11 02:22:34] EDIT define2/views/particular/DBGroup.html: 6
[2016-01-11 02:32:05] EDIT define2/controllers/interfaz.py: 0
[2016-01-11 02:33:52] EDIT define2/views/interfaz/inicio.html: -6
